<?xml version="1.0" encoding="UTF-8"?>
<testsuite name="runners.Runner" tests="4" skipped="0" failures="0" errors="0" timestamp="2024-04-04T16:10:51" hostname="LAPTOP-J5US1KKC" time="118.51">
  <properties/>
  <testcase name="(Realizar proceso de registro y compra exitosamente en la pagina Product Store)" classname="runners.Runner" time="23.768"/>
  <testcase name="Realizar proceso de compra en la pagina Product Store #1" classname="runners.Runner" time="31.337"/>
  <testcase name="Realizar proceso de compra en la pagina Product Store #2" classname="runners.Runner" time="31.959"/>
  <testcase name="Realizar proceso de compra en la pagina Product Store #3" classname="runners.Runner" time="31.443"/>
  <system-out><![CDATA[
@Acccenture
Escenario:                                    ?[90m# src/test/resources/features/ProductStore.feature:11?[0m
  ?[32mDado ?[0m?[32mque ingreso a la pagina ProductStore?[0m   ?[90m# stepDefinitions.ProductStoreStepDefinitios.queIngresoALaPaginaDemoBlaze()?[0m
  ?[32mCuando ?[0m?[32mrealizo un nuevo registro de usuario?[0m ?[90m# stepDefinitions.ProductStoreStepDefinitios.realizoUnNuevoRegistroDeUsuario()?[0m
  ?[32mEntonces ?[0m?[32mme registro exitosamente?[0m           ?[90m# stepDefinitions.ProductStoreStepDefinitios.meRegistroExitosamente()?[0m

@Acccenture
Esquema del escenario: Realizar proceso de compra en la pagina Product Store ?[90m# src/test/resources/features/ProductStore.feature:23?[0m
  ?[32mDado ?[0m?[32mque ingreso a la pagina ProductStore?[0m                                  ?[90m# stepDefinitions.ProductStoreStepDefinitios.queIngresoALaPaginaDemoBlaze()?[0m
  ?[32mCuando ?[0m?[32mInicio sesion con mi usuario y clave en la pagina Product Store?[0m     ?[90m# stepDefinitions.ProductStoreStepDefinitios.inicioSesionEnLaPaginaProductStore()?[0m
  ?[32mEntonces ?[0m?[32mInicio sesion exitosamente?[0m                                        ?[90m# stepDefinitions.ProductStoreStepDefinitios.inicioSesionExitosamente()?[0m
  ?[32mCuando ?[0m?[32mselecciono la ?[0m?[32m?[1m"Laptops"?[0m?[32m y el ?[0m?[32m?[1m"Sony vaio i5"?[0m                         ?[90m# stepDefinitions.ProductStoreStepDefinitios.seleccionoLaCategoriaYElProducto(java.lang.String,java.lang.String)?[0m
  ?[32mY ?[0m?[32mrealizo el proceso de compra?[0m                                             ?[90m# stepDefinitions.ProductStoreStepDefinitios.realizoElProcesoDeCompra()?[0m
  ?[32mEntonces ?[0m?[32mrealizo la compra exitoasmente?[0m                                    ?[90m# stepDefinitions.ProductStoreStepDefinitios.realizoLaCompraExitoasmente()?[0m

@Acccenture
Esquema del escenario: Realizar proceso de compra en la pagina Product Store ?[90m# src/test/resources/features/ProductStore.feature:24?[0m
  ?[32mDado ?[0m?[32mque ingreso a la pagina ProductStore?[0m                                  ?[90m# stepDefinitions.ProductStoreStepDefinitios.queIngresoALaPaginaDemoBlaze()?[0m
  ?[32mCuando ?[0m?[32mInicio sesion con mi usuario y clave en la pagina Product Store?[0m     ?[90m# stepDefinitions.ProductStoreStepDefinitios.inicioSesionEnLaPaginaProductStore()?[0m
  ?[32mEntonces ?[0m?[32mInicio sesion exitosamente?[0m                                        ?[90m# stepDefinitions.ProductStoreStepDefinitios.inicioSesionExitosamente()?[0m
  ?[32mCuando ?[0m?[32mselecciono la ?[0m?[32m?[1m"Phones"?[0m?[32m y el ?[0m?[32m?[1m"Samsung galaxy s6"?[0m                     ?[90m# stepDefinitions.ProductStoreStepDefinitios.seleccionoLaCategoriaYElProducto(java.lang.String,java.lang.String)?[0m
  ?[32mY ?[0m?[32mrealizo el proceso de compra?[0m                                             ?[90m# stepDefinitions.ProductStoreStepDefinitios.realizoElProcesoDeCompra()?[0m
  ?[32mEntonces ?[0m?[32mrealizo la compra exitoasmente?[0m                                    ?[90m# stepDefinitions.ProductStoreStepDefinitios.realizoLaCompraExitoasmente()?[0m

@Acccenture
Esquema del escenario: Realizar proceso de compra en la pagina Product Store ?[90m# src/test/resources/features/ProductStore.feature:25?[0m
  ?[32mDado ?[0m?[32mque ingreso a la pagina ProductStore?[0m                                  ?[90m# stepDefinitions.ProductStoreStepDefinitios.queIngresoALaPaginaDemoBlaze()?[0m
  ?[32mCuando ?[0m?[32mInicio sesion con mi usuario y clave en la pagina Product Store?[0m     ?[90m# stepDefinitions.ProductStoreStepDefinitios.inicioSesionEnLaPaginaProductStore()?[0m
  ?[32mEntonces ?[0m?[32mInicio sesion exitosamente?[0m                                        ?[90m# stepDefinitions.ProductStoreStepDefinitios.inicioSesionExitosamente()?[0m
  ?[32mCuando ?[0m?[32mselecciono la ?[0m?[32m?[1m"Monitors"?[0m?[32m y el ?[0m?[32m?[1m"Apple monitor 24"?[0m                    ?[90m# stepDefinitions.ProductStoreStepDefinitios.seleccionoLaCategoriaYElProducto(java.lang.String,java.lang.String)?[0m
  ?[32mY ?[0m?[32mrealizo el proceso de compra?[0m                                             ?[90m# stepDefinitions.ProductStoreStepDefinitios.realizoElProcesoDeCompra()?[0m
  ?[32mEntonces ?[0m?[32mrealizo la compra exitoasmente?[0m                                    ?[90m# stepDefinitions.ProductStoreStepDefinitios.realizoLaCompraExitoasmente()?[0m
]]></system-out>
  <system-err><![CDATA[1712247058193	geckodriver	INFO	Listening on 127.0.0.1:57291
1712247059189	mozrunner::runner	INFO	Running command: "C:\\Program Files\\Mozilla Firefox\\firefox.exe" "--marionette" "--remote-debugging-port" "64485" "--remote ... ow-origins" "http://localhost:64485/" "-no-remote" "-profile" "C:\\Users\\david\\AppData\\Local\\Temp\\rust_mozprofileqV0j7G"
console.warn: services.settings: Ignoring preference override of remote settings server
console.warn: services.settings: Allow by setting MOZ_REMOTE_SETTINGS_DEVTOOLS=1 in the environment
1712247059550	Marionette	INFO	Marionette enabled
Dynamically enable window occlusion 0
1712247059670	Marionette	INFO	Listening on port 54493
WebDriver BiDi listening on ws://127.0.0.1:64485
Read port: 54493
1712247059900	RemoteAgent	WARN	TLS certificate errors will be ignored for this session
DevTools listening on ws://127.0.0.1:64485/devtools/browser/7efc39ad-e59d-4f82-bd89-14e6a2b7a1fe
abr 04, 2024 11:11:02 AM org.openqa.selenium.remote.ProtocolHandshake createSession
INFORMACIÓN: Detected upstream dialect: W3C
1712247074502	Marionette	INFO	Stopped listening on port 54493
JavaScript warning: https://www.demoblaze.com/node_modules/videojs-contrib-hls/dist/videojs-contrib-hls.min.js, line 3: Script terminated by timeout at:
value@https://www.demoblaze.com/node_modules/videojs-contrib-hls/dist/videojs-contrib-hls.min.js:3:2337

Dynamically enable window occlusion 1
1712247075686	geckodriver	INFO	Listening on 127.0.0.1:53067
1712247076169	mozrunner::runner	INFO	Running command: "C:\\Program Files\\Mozilla Firefox\\firefox.exe" "--marionette" "--remote-debugging-port" "63661" "--remote ... ow-origins" "http://localhost:63661/" "-no-remote" "-profile" "C:\\Users\\david\\AppData\\Local\\Temp\\rust_mozprofileg3oP6W"
console.warn: services.settings: Ignoring preference override of remote settings server
console.warn: services.settings: Allow by setting MOZ_REMOTE_SETTINGS_DEVTOOLS=1 in the environment
1712247076874	Marionette	INFO	Marionette enabled
Dynamically enable window occlusion 0
1712247077041	Marionette	INFO	Listening on port 54538
WebDriver BiDi listening on ws://127.0.0.1:63661
Read port: 54538
1712247077333	RemoteAgent	WARN	TLS certificate errors will be ignored for this session
DevTools listening on ws://127.0.0.1:63661/devtools/browser/901271e1-47ce-457a-bb2f-91d802039291
abr 04, 2024 11:11:19 AM org.openqa.selenium.remote.ProtocolHandshake createSession
INFORMACIÓN: Detected upstream dialect: W3C
console.warn: LoginRecipes: "Falling back to a synchronous message for: https://www.demoblaze.com."
console.warn: LoginRecipes: "Falling back to a synchronous message for: https://www.demoblaze.com."
console.warn: LoginRecipes: "Falling back to a synchronous message for: https://www.demoblaze.com."
console.warn: LoginRecipes: "Falling back to a synchronous message for: https://www.demoblaze.com."
console.warn: LoginRecipes: "Falling back to a synchronous message for: https://www.demoblaze.com."
console.warn: LoginRecipes: "Falling back to a synchronous message for: https://www.demoblaze.com."
1712247105703	Marionette	INFO	Stopped listening on port 54538
JavaScript warning: https://www.demoblaze.com/node_modules/videojs-contrib-hls/dist/videojs-contrib-hls.min.js, line 2: Script terminated by timeout at:
value@https://www.demoblaze.com/node_modules/videojs-contrib-hls/dist/videojs-contrib-hls.min.js:2:1331

Dynamically enable window occlusion 1
1712247106963	geckodriver	INFO	Listening on 127.0.0.1:51975
1712247107586	mozrunner::runner	INFO	Running command: "C:\\Program Files\\Mozilla Firefox\\firefox.exe" "--marionette" "--remote-debugging-port" "62692" "--remote ... ow-origins" "http://localhost:62692/" "-no-remote" "-profile" "C:\\Users\\david\\AppData\\Local\\Temp\\rust_mozprofileLSHRW2"
console.warn: services.settings: Ignoring preference override of remote settings server
console.warn: services.settings: Allow by setting MOZ_REMOTE_SETTINGS_DEVTOOLS=1 in the environment
1712247108877	Marionette	INFO	Marionette enabled
Dynamically enable window occlusion 0
1712247109057	Marionette	INFO	Listening on port 54580
WebDriver BiDi listening on ws://127.0.0.1:62692
Read port: 54580
1712247109396	RemoteAgent	WARN	TLS certificate errors will be ignored for this session
DevTools listening on ws://127.0.0.1:62692/devtools/browser/41b296ee-7a2a-46ab-94e1-718dcf676cc0
abr 04, 2024 11:11:51 AM org.openqa.selenium.remote.ProtocolHandshake createSession
INFORMACIÓN: Detected upstream dialect: W3C
console.warn: LoginRecipes: "Falling back to a synchronous message for: https://www.demoblaze.com."
console.warn: LoginRecipes: "Falling back to a synchronous message for: https://www.demoblaze.com."
console.warn: LoginRecipes: "Falling back to a synchronous message for: https://www.demoblaze.com."
console.warn: LoginRecipes: "Falling back to a synchronous message for: https://www.demoblaze.com."
console.warn: LoginRecipes: "Falling back to a synchronous message for: https://www.demoblaze.com."
console.warn: LoginRecipes: "Falling back to a synchronous message for: https://www.demoblaze.com."
1712247137697	Marionette	INFO	Stopped listening on port 54580
JavaScript warning: https://www.demoblaze.com/node_modules/videojs-contrib-hls/dist/videojs-contrib-hls.min.js, line 2: Script terminated by timeout at:
value@https://www.demoblaze.com/node_modules/videojs-contrib-hls/dist/videojs-contrib-hls.min.js:2:1331

Dynamically enable window occlusion 1
1712247138913	geckodriver	INFO	Listening on 127.0.0.1:60629
1712247139395	mozrunner::runner	INFO	Running command: "C:\\Program Files\\Mozilla Firefox\\firefox.exe" "--marionette" "--remote-debugging-port" "50671" "--remote ... ow-origins" "http://localhost:50671/" "-no-remote" "-profile" "C:\\Users\\david\\AppData\\Local\\Temp\\rust_mozprofilezlOq8g"
console.warn: services.settings: Ignoring preference override of remote settings server
console.warn: services.settings: Allow by setting MOZ_REMOTE_SETTINGS_DEVTOOLS=1 in the environment
1712247140267	Marionette	INFO	Marionette enabled
Dynamically enable window occlusion 0
1712247140514	Marionette	INFO	Listening on port 54623
WebDriver BiDi listening on ws://127.0.0.1:50671
Read port: 54623
1712247140966	RemoteAgent	WARN	TLS certificate errors will be ignored for this session
DevTools listening on ws://127.0.0.1:50671/devtools/browser/049d4d68-18dc-40c4-81dc-f24828084af5
abr 04, 2024 11:12:23 AM org.openqa.selenium.remote.ProtocolHandshake createSession
INFORMACIÓN: Detected upstream dialect: W3C
console.warn: LoginRecipes: "Falling back to a synchronous message for: https://www.demoblaze.com."
console.warn: LoginRecipes: "Falling back to a synchronous message for: https://www.demoblaze.com."
console.warn: LoginRecipes: "Falling back to a synchronous message for: https://www.demoblaze.com."
console.warn: LoginRecipes: "Falling back to a synchronous message for: https://www.demoblaze.com."
console.warn: LoginRecipes: "Falling back to a synchronous message for: https://www.demoblaze.com."
console.warn: LoginRecipes: "Falling back to a synchronous message for: https://www.demoblaze.com."
1712247169087	Marionette	INFO	Stopped listening on port 54623
JavaScript warning: https://www.demoblaze.com/node_modules/videojs-contrib-hls/dist/videojs-contrib-hls.min.js, line 2: Script terminated by timeout at:
value@https://www.demoblaze.com/node_modules/videojs-contrib-hls/dist/videojs-contrib-hls.min.js:2:1331

Dynamically enable window occlusion 1
?[32m?[1m??????????????????????????????????????????????????????????????????????????????????????[0m
?[32m?[1m??[0m Share your Cucumber Report with your team at ?[36m?[1m?[4mhttps://reports.cucumber.io?[0m          ?[32m?[1m??[0m
?[32m?[1m??[0m Activate publishing with one of the following:                                    ?[32m?[1m??[0m
?[32m?[1m??[0m                                                                                   ?[32m?[1m??[0m
?[32m?[1m??[0m src/test/resources/cucumber.properties:          ?[36mcucumber.publish.enabled?[0m=?[36mtrue?[0m    ?[32m?[1m??[0m
?[32m?[1m??[0m src/test/resources/junit-platform.properties:    ?[36mcucumber.publish.enabled?[0m=?[36mtrue?[0m    ?[32m?[1m??[0m
?[32m?[1m??[0m Environment variable:                            ?[36mCUCUMBER_PUBLISH_ENABLED?[0m=?[36mtrue?[0m    ?[32m?[1m??[0m
?[32m?[1m??[0m JUnit:                                           ?[36m@CucumberOptions?[0m(publish = ?[36mtrue?[0m) ?[32m?[1m??[0m
?[32m?[1m??[0m                                                                                   ?[32m?[1m??[0m
?[32m?[1m??[0m More information at ?[36mhttps://cucumber.io/docs/cucumber/environment-variables/?[0m      ?[32m?[1m??[0m
?[32m?[1m??[0m                                                                                   ?[32m?[1m??[0m
?[32m?[1m??[0m Disable this message with one of the following:                                   ?[32m?[1m??[0m
?[32m?[1m??[0m                                                                                   ?[32m?[1m??[0m
?[32m?[1m??[0m src/test/resources/cucumber.properties:          ?[36mcucumber.publish.quiet?[0m=?[36mtrue?[0m      ?[32m?[1m??[0m
?[32m?[1m??[0m src/test/resources/junit-platform.properties:    ?[36mcucumber.publish.quiet?[0m=?[36mtrue?[0m      ?[32m?[1m??[0m
?[32m?[1m??????????????????????????????????????????????????????????????????????????????????????[0m
]]></system-err>
</testsuite>
